GROUP,PACKAGE,CLASS,INSTRUCTION_MISSED,INSTRUCTION_COVERED,BRANCH_MISSED,BRANCH_COVERED,LINE_MISSED,LINE_COVERED,COMPLEXITY_MISSED,COMPLEXITY_COVERED,METHOD_MISSED,METHOD_COVERED
fraud-detection,com.faud.frauddetection.repository.impl,FraudRuleRepositoryImpl,0,36,0,0,0,12,0,7,0,7
fraud-detection,com.faud.frauddetection.repository.impl,FraudDetectionResultRepositoryImpl,0,22,0,0,0,7,0,4,0,4
fraud-detection,com.faud.frauddetection.service.evaluator,FrequencyEvaluator,0,244,1,19,0,52,1,14,0,5
fraud-detection,com.faud.frauddetection.service.evaluator,AmountEvaluator,0,284,1,21,0,63,1,16,0,6
fraud-detection,com.faud.frauddetection.service.evaluator,DynamicEvaluator,56,484,13,52,12,91,13,37,0,11
fraud-detection,com.faud.frauddetection.service.evaluator,MultiConditionEvaluator.new TypeReference() {...},0,6,0,0,0,1,0,1,0,1
fraud-detection,com.faud.frauddetection.service.evaluator,FrequencyEvaluator.new TypeReference() {...},0,6,0,0,0,1,0,1,0,1
fraud-detection,com.faud.frauddetection.service.evaluator,AmountEvaluator.new TypeReference() {...},0,6,0,0,0,1,0,1,0,1
fraud-detection,com.faud.frauddetection.service.evaluator,MultiConditionEvaluator,104,470,34,72,18,101,31,42,1,13
fraud-detection,com.faud.frauddetection.security,ApiTokenAuthenticationFilter,0,134,1,11,0,35,1,10,0,5
fraud-detection,com.faud.frauddetection.security,JwtUtil,27,119,1,3,9,29,1,12,0,11
fraud-detection,com.faud.frauddetection.security,UserPrincipal,0,49,0,0,0,13,0,9,0,9
fraud-detection,com.faud.frauddetection.security,JwtAuthenticationFilter,0,102,1,11,0,27,1,9,0,4
fraud-detection,com.faud.frauddetection.internal.controller,InternalFraudAnalysisController,0,27,0,0,0,9,0,4,0,4
fraud-detection,com.faud.frauddetection.service.impl,FraudDetectionServiceImpl,94,222,3,13,23,59,6,14,3,9
fraud-detection,com.faud.frauddetection.service.impl,FraudDetectionResultServiceImpl,0,45,0,0,0,13,0,4,0,4
fraud-detection,com.faud.frauddetection.service.impl,FraudRuleServiceImpl,0,99,1,3,0,25,1,10,0,9
fraud-detection,com.faud.frauddetection,FraudDetectionApplication,5,3,0,0,2,1,1,1,1,1
fraud-detection,com.faud.frauddetection.controller,FraudRuleController,2,276,1,13,0,69,1,21,0,13
fraud-detection,com.faud.frauddetection.service,TransactionConsumer,25,19,0,0,7,6,1,2,1,2
fraud-detection,com.faud.frauddetection.service,AlertService,1,173,0,6,1,39,1,10,1,7
fraud-detection,com.faud.frauddetection.config,FraudDetectionProperties.TimeWindow,12,125,6,6,0,4,6,11,0,11
fraud-detection,com.faud.frauddetection.config,FraudDetectionProperties.Alert,30,214,19,15,0,7,17,17,0,17
fraud-detection,com.faud.frauddetection.config,FraudDetectionProperties,42,288,28,22,0,9,24,22,0,21
fraud-detection,com.faud.frauddetection.config,FraudDetectionProperties.RuleEvaluation,31,199,20,14,0,6,17,15,0,15
fraud-detection,com.faud.frauddetection.config,SecurityConfig,5,105,0,0,2,21,1,4,1,4
fraud-detection,com.faud.frauddetection.config,FraudDetectionProperties.Alert.SeverityThresholds,12,128,6,6,0,4,6,11,0,11
fraud-detection,com.faud.frauddetection.entity,FraudDetectionResultEntity,24,231,18,26,0,7,14,25,0,17
fraud-detection,com.faud.frauddetection.entity,FraudRule,116,595,69,65,0,35,56,49,0,38
fraud-detection,com.faud.frauddetection.entity,FraudRule.FraudRuleBuilder,34,105,0,0,0,1,1,16,1,16
fraud-detection,com.faud.frauddetection.entity,RuleEvaluationType,0,21,0,0,0,4,0,1,0,1
fraud-detection,com.faud.frauddetection.constant,AlertSeverity,14,6,5,1,3,1,3,1,0,1
fraud-detection,com.faud.frauddetection.constant,RedisKeys,9,18,0,0,1,2,1,2,1,2
fraud-detection,com.faud.frauddetection.dto,RuleEvaluationResult,43,236,1,43,1,9,9,32,8,11
fraud-detection,com.faud.frauddetection.dto,Transaction,0,344,9,21,0,44,9,25,0,19
fraud-detection,com.faud.frauddetection.dto,FraudRuleDto,95,422,18,76,1,14,28,48,13,16
fraud-detection,com.faud.frauddetection.dto,MultiConditionConfig.MultiConditionConfigBuilder,7,21,0,0,0,1,1,4,1,4
fraud-detection,com.faud.frauddetection.dto,MultiConditionConfig.RuleCondition.RuleConditionBuilder,14,49,0,0,0,1,1,8,1,8
fraud-detection,com.faud.frauddetection.dto,FraudDetectionResult.FraudDetectionResultBuilder,35,86,1,1,0,1,3,12,2,12
fraud-detection,com.faud.frauddetection.dto,MultiConditionConfig.RuleCondition,22,278,7,47,0,10,8,38,1,18
fraud-detection,com.faud.frauddetection.dto,MultiConditionConfig.ConditionGroup.ConditionGroupBuilder,13,42,0,0,0,1,1,7,1,7
fraud-detection,com.faud.frauddetection.dto,Transaction.TransactionBuilder,29,91,0,0,0,1,1,14,1,14
fraud-detection,com.faud.frauddetection.dto,MultiConditionConfig.ConditionGroup,21,237,6,40,0,9,7,33,1,16
fraud-detection,com.faud.frauddetection.dto,RuleEvaluationResult.RuleEvaluationResultBuilder,14,49,0,0,0,1,1,8,1,8
fraud-detection,com.faud.frauddetection.dto,MultiConditionConfig,9,120,1,21,0,6,2,20,1,10
fraud-detection,com.faud.frauddetection.dto,FraudDetectionResult,79,430,43,35,0,21,38,35,3,31
fraud-detection,com.faud.frauddetection.dto,TransactionStatus,0,33,0,0,0,6,0,1,0,1
fraud-detection,com.faud.frauddetection.dto,FraudRuleDto.FraudRuleDtoBuilder,26,84,0,0,0,1,1,13,1,13
